2025-10-31 09:27:27,280 [INFO] Log iniciado: logs\run-20251031_092727.log
2025-10-31 09:28:14,788 [INFO] ====== Vigência 2025 ======
2025-10-31 09:28:40,643 [INFO] Total coletado via JS: 12
2025-10-31 09:28:40,644 [INFO] CNPJs coletados para 2025: 12
2025-10-31 09:28:40,645 [INFO] [2025] CNPJ => 53.458.313 - 3L SERVICOS LTDA
2025-10-31 09:28:40,645 [INFO] Selecionando por digitação: 53.458.313 - 3L SERVICOS LTDA
2025-10-31 09:28:47,194 [INFO] Coletando opções via teclado (ARIA navigation)...
2025-10-31 09:28:51,025 [INFO] Total coletado (teclado): 1
2025-10-31 09:28:51,026 [INFO] [2025] Estabelecimentos detectados: 1
2025-10-31 09:28:51,026 [INFO] [2025] 53.458.313 - 3L SERVICOS LTDA -> Estabelecimento => 53.458.313/0001-54
2025-10-31 09:28:51,027 [INFO] Selecionando por digitação: 53.458.313/0001-54
2025-10-31 09:28:57,453 [INFO] Clicando em Consultar (tentativa 1/3)...
2025-10-31 09:29:06,661 [INFO] Clique em Consultar realizado; aguardando 5s...
2025-10-31 09:29:14,258 [INFO] Extraindo resultado...
2025-10-31 09:29:14,491 [INFO] OK: 53458313 | 53.458.313/0001-54 | UF=GO | Aliquota=1,0000
2025-10-31 09:30:25,879 [INFO] [2025] CNPJ => 02.618.143 - A IDEAL SOLUCOES ANTICORROSIVAS LTDA
2025-10-31 09:30:25,879 [INFO] Selecionando por digitação: 02.618.143 - A IDEAL SOLUCOES ANTICORROSIVAS LTDA
2025-10-31 09:30:33,002 [INFO] Coletando opções via teclado (ARIA navigation)...
2025-10-31 09:30:36,918 [INFO] Total coletado (teclado): 1
2025-10-31 09:30:36,919 [INFO] [2025] Estabelecimentos detectados: 1
2025-10-31 09:30:36,919 [INFO] [2025] 02.618.143 - A IDEAL SOLUCOES ANTICORROSIVAS LTDA -> Estabelecimento => 02.618.143/0001-97
2025-10-31 09:30:36,921 [INFO] Selecionando por digitação: 02.618.143/0001-97
2025-10-31 09:30:43,376 [INFO] Clicando em Consultar (tentativa 1/3)...
2025-10-31 09:30:43,732 [INFO] Clique em Consultar realizado; aguardando 5s...
2025-10-31 09:30:48,757 [INFO] Extraindo resultado...
2025-10-31 09:30:49,114 [INFO] OK: 02618143 | 02.618.143/0001-97 | UF=GO | Aliquota=0,5000
2025-10-31 09:30:49,169 [INFO] [2025] CNPJ => 43.228.913 - ACADEMIA DE VENDAS LTDA
2025-10-31 09:30:49,169 [INFO] Selecionando por digitação: 43.228.913 - ACADEMIA DE VENDAS LTDA
2025-10-31 09:30:56,184 [INFO] Coletando opções via teclado (ARIA navigation)...
2025-10-31 09:31:00,133 [INFO] Total coletado (teclado): 1
2025-10-31 09:31:00,134 [INFO] [2025] Estabelecimentos detectados: 1
2025-10-31 09:31:00,134 [INFO] [2025] 43.228.913 - ACADEMIA DE VENDAS LTDA -> Estabelecimento => 43.228.913/0001-72
2025-10-31 09:31:00,134 [INFO] Selecionando por digitação: 43.228.913/0001-72
2025-10-31 09:31:06,608 [INFO] Clicando em Consultar (tentativa 1/3)...
2025-10-31 09:31:06,934 [INFO] Clique em Consultar realizado; aguardando 5s...
2025-10-31 09:31:11,975 [INFO] Extraindo resultado...
2025-10-31 09:31:12,179 [INFO] OK: 43228913 | 43.228.913/0001-72 | UF=GO | Aliquota=1,0000
2025-10-31 09:31:12,229 [INFO] [2025] CNPJ => 03.720.943 - ACP AGROPECUARIA LTDA
2025-10-31 09:31:12,230 [INFO] Selecionando por digitação: 03.720.943 - ACP AGROPECUARIA LTDA
2025-10-31 09:31:19,295 [INFO] Coletando opções via teclado (ARIA navigation)...
2025-10-31 09:31:24,548 [INFO] Total coletado (teclado): 5
2025-10-31 09:31:24,549 [INFO] [2025] Estabelecimentos detectados: 5
2025-10-31 09:31:24,550 [INFO] [2025] 03.720.943 - ACP AGROPECUARIA LTDA -> Estabelecimento => 03.720.943/0001-87
2025-10-31 09:31:24,550 [INFO] Selecionando por digitação: 03.720.943/0001-87
2025-10-31 09:31:31,113 [INFO] Clicando em Consultar (tentativa 1/3)...
2025-10-31 09:31:31,432 [INFO] Clique em Consultar realizado; aguardando 5s...
2025-10-31 09:31:36,462 [INFO] Extraindo resultado...
2025-10-31 09:31:36,749 [INFO] OK: 03720943 | 03.720.943/0001-87 | UF=GO | Aliquota=1,0000
2025-10-31 09:31:36,812 [INFO] [2025] 03.720.943 - ACP AGROPECUARIA LTDA -> Estabelecimento => 03.720.943/0003-49
2025-10-31 09:31:36,812 [INFO] Selecionando por digitação: 03.720.943/0003-49
2025-10-31 09:31:42,362 [INFO] Clicando em Consultar (tentativa 1/3)...
2025-10-31 09:31:42,711 [INFO] Clique em Consultar realizado; aguardando 5s...
2025-10-31 09:31:47,760 [INFO] Extraindo resultado...
2025-10-31 09:31:48,047 [INFO] OK: 03720943 | 03.720.943/0003-49 | UF=TO | Aliquota=1,0000
2025-10-31 09:31:48,109 [INFO] [2025] 03.720.943 - ACP AGROPECUARIA LTDA -> Estabelecimento => 03.720.943/0007-72
2025-10-31 09:31:48,110 [INFO] Selecionando por digitação: 03.720.943/0007-72
2025-10-31 09:31:54,580 [INFO] Clicando em Consultar (tentativa 1/3)...
2025-10-31 09:31:54,968 [INFO] Clique em Consultar realizado; aguardando 5s...
2025-10-31 09:31:59,994 [INFO] Extraindo resultado...
2025-10-31 09:32:00,208 [INFO] OK: 03720943 | 03.720.943/0007-72 | UF=TO | Aliquota=0,5000
2025-10-31 09:32:00,266 [INFO] [2025] 03.720.943 - ACP AGROPECUARIA LTDA -> Estabelecimento => 03.720.943/0011-59
2025-10-31 09:32:00,267 [INFO] Selecionando por digitação: 03.720.943/0011-59
2025-10-31 09:32:06,767 [INFO] Clicando em Consultar (tentativa 1/3)...
2025-10-31 09:32:07,154 [INFO] Clique em Consultar realizado; aguardando 5s...
2025-10-31 09:32:12,185 [INFO] Extraindo resultado...
2025-10-31 09:32:12,444 [INFO] OK: 03720943 | 03.720.943/0011-59 | UF=MT | Aliquota=0,5000
2025-10-31 09:32:12,496 [INFO] [2025] 03.720.943 - ACP AGROPECUARIA LTDA -> Estabelecimento => 03.720.943/0012-30
2025-10-31 09:32:12,497 [INFO] Selecionando por digitação: 03.720.943/0012-30
2025-10-31 09:32:18,951 [INFO] Clicando em Consultar (tentativa 1/3)...
2025-10-31 09:32:19,277 [INFO] Clique em Consultar realizado; aguardando 5s...
2025-10-31 09:32:24,315 [INFO] Extraindo resultado...
2025-10-31 09:32:24,718 [INFO] OK: 03720943 | 03.720.943/0012-30 | UF=GO | Aliquota=1,0000
2025-10-31 09:32:24,812 [INFO] [2025] CNPJ => 05.851.583 - ACP PARTICIPACOES S A
2025-10-31 09:32:24,812 [INFO] Selecionando por digitação: 05.851.583 - ACP PARTICIPACOES S A
2025-10-31 09:32:31,661 [INFO] Coletando opções via teclado (ARIA navigation)...
2025-10-31 09:32:35,450 [INFO] Total coletado (teclado): 1
2025-10-31 09:32:35,451 [INFO] [2025] Estabelecimentos detectados: 1
2025-10-31 09:32:35,452 [INFO] [2025] 05.851.583 - ACP PARTICIPACOES S A -> Estabelecimento => 05.851.583/0001-88
2025-10-31 09:32:35,452 [INFO] Selecionando por digitação: 05.851.583/0001-88
2025-10-31 09:32:41,904 [INFO] Clicando em Consultar (tentativa 1/3)...
2025-10-31 09:32:42,248 [INFO] Clique em Consultar realizado; aguardando 5s...
2025-10-31 09:32:47,278 [INFO] Extraindo resultado...
2025-10-31 09:32:47,515 [INFO] OK: 05851583 | 05.851.583/0001-88 | UF=GO | Aliquota=0,5000
2025-10-31 09:32:47,569 [INFO] [2025] CNPJ => 08.811.370 - ACREFORT INDUSTRIA E COMERCIO DE RACOES LTDA
2025-10-31 09:32:47,569 [INFO] Selecionando por digitação: 08.811.370 - ACREFORT INDUSTRIA E COMERCIO DE RACOES LTDA
2025-10-31 09:32:54,148 [INFO] Coletando opções via teclado (ARIA navigation)...
2025-10-31 09:32:58,240 [INFO] Total coletado (teclado): 2
2025-10-31 09:32:58,240 [INFO] [2025] Estabelecimentos detectados: 2
2025-10-31 09:32:58,240 [INFO] [2025] 08.811.370 - ACREFORT INDUSTRIA E COMERCIO DE RACOES LTDA -> Estabelecimento => 08.811.370/0001-10
2025-10-31 09:32:58,241 [INFO] Selecionando por digitação: 08.811.370/0001-10
2025-10-31 09:33:04,674 [INFO] Clicando em Consultar (tentativa 1/3)...
2025-10-31 09:33:05,065 [INFO] Clique em Consultar realizado; aguardando 5s...
2025-10-31 09:33:10,110 [INFO] Extraindo resultado...
2025-10-31 09:33:10,405 [INFO] OK: 08811370 | 08.811.370/0001-10 | UF=MT | Aliquota=0,5000
2025-10-31 09:33:10,457 [INFO] [2025] 08.811.370 - ACREFORT INDUSTRIA E COMERCIO DE RACOES LTDA -> Estabelecimento => 08.811.370/0002-00
2025-10-31 09:33:10,457 [INFO] Selecionando por digitação: 08.811.370/0002-00
2025-10-31 09:33:15,746 [INFO] Clicando em Consultar (tentativa 1/3)...
2025-10-31 09:33:16,043 [INFO] Clique em Consultar realizado; aguardando 5s...
2025-10-31 09:33:21,080 [INFO] Extraindo resultado...
2025-10-31 09:33:21,339 [INFO] OK: 08811370 | 08.811.370/0002-00 | UF=MT | Aliquota=0,5000
2025-10-31 09:33:21,392 [INFO] [2025] CNPJ => 05.616.807 - ACRESUL INDUSTRIA E COMERCIO LTDA
2025-10-31 09:33:21,393 [INFO] Selecionando por digitação: 05.616.807 - ACRESUL INDUSTRIA E COMERCIO LTDA
2025-10-31 09:33:27,940 [INFO] Coletando opções via teclado (ARIA navigation)...
2025-10-31 09:33:31,685 [INFO] Total coletado (teclado): 1
2025-10-31 09:33:31,686 [INFO] [2025] Estabelecimentos detectados: 1
2025-10-31 09:33:31,686 [INFO] [2025] 05.616.807 - ACRESUL INDUSTRIA E COMERCIO LTDA -> Estabelecimento => 05.616.807/0001-77
2025-10-31 09:33:31,687 [INFO] Selecionando por digitação: 05.616.807/0001-77
2025-10-31 09:33:38,203 [INFO] Clicando em Consultar (tentativa 1/3)...
2025-10-31 09:33:38,475 [INFO] Clique em Consultar realizado; aguardando 5s...
2025-10-31 09:33:43,518 [INFO] Extraindo resultado...
2025-10-31 09:33:43,759 [INFO] OK: 05616807 | 05.616.807/0001-77 | UF=GO | Aliquota=0,5000
2025-10-31 09:33:43,807 [INFO] [2025] CNPJ => 37.181.936 - AGB DISTRIBUIDORA DE ARMAS E MUNICOES S A
2025-10-31 09:33:43,808 [INFO] Selecionando por digitação: 37.181.936 - AGB DISTRIBUIDORA DE ARMAS E MUNICOES S A
2025-10-31 09:33:50,363 [INFO] Coletando opções via teclado (ARIA navigation)...
2025-10-31 09:33:54,396 [INFO] Total coletado (teclado): 2
2025-10-31 09:33:54,396 [INFO] [2025] Estabelecimentos detectados: 2
2025-10-31 09:33:54,396 [INFO] [2025] 37.181.936 - AGB DISTRIBUIDORA DE ARMAS E MUNICOES S A -> Estabelecimento => 37.181.936/0001-76
2025-10-31 09:33:54,397 [INFO] Selecionando por digitação: 37.181.936/0001-76
2025-10-31 09:34:00,800 [INFO] Clicando em Consultar (tentativa 1/3)...
2025-10-31 09:34:01,212 [INFO] Clique em Consultar realizado; aguardando 5s...
2025-10-31 09:34:06,236 [INFO] Extraindo resultado...
2025-10-31 09:34:06,488 [INFO] OK: 37181936 | 37.181.936/0001-76 | UF=GO | Aliquota=0,5000
2025-10-31 09:34:06,635 [INFO] [2025] 37.181.936 - AGB DISTRIBUIDORA DE ARMAS E MUNICOES S A -> Estabelecimento => 37.181.936/0002-57
2025-10-31 09:34:06,635 [INFO] Selecionando por digitação: 37.181.936/0002-57
2025-10-31 09:34:13,161 [INFO] Clicando em Consultar (tentativa 1/3)...
2025-10-31 09:34:13,507 [INFO] Clique em Consultar realizado; aguardando 5s...
2025-10-31 09:34:18,545 [INFO] Extraindo resultado...
2025-10-31 09:34:18,747 [INFO] OK: 37181936 | 37.181.936/0002-57 | UF=DF | Aliquota=1,0000
2025-10-31 09:34:18,808 [INFO] [2025] CNPJ => 07.603.106 - AGNUS DEI ARTIGOS RELIGIOSOS LTDA
2025-10-31 09:34:18,809 [INFO] Selecionando por digitação: 07.603.106 - AGNUS DEI ARTIGOS RELIGIOSOS LTDA
2025-10-31 09:34:25,901 [INFO] Coletando opções via teclado (ARIA navigation)...
2025-10-31 09:34:29,751 [INFO] Total coletado (teclado): 1
2025-10-31 09:34:29,752 [INFO] [2025] Estabelecimentos detectados: 1
2025-10-31 09:34:29,752 [INFO] [2025] 07.603.106 - AGNUS DEI ARTIGOS RELIGIOSOS LTDA -> Estabelecimento => 07.603.106/0001-29
2025-10-31 09:34:29,752 [INFO] Selecionando por digitação: 07.603.106/0001-29
2025-10-31 09:34:36,139 [INFO] Clicando em Consultar (tentativa 1/3)...
2025-10-31 09:34:36,526 [INFO] Clique em Consultar realizado; aguardando 5s...
2025-10-31 09:34:41,557 [INFO] Extraindo resultado...
2025-10-31 09:34:41,836 [INFO] OK: 07603106 | 07.603.106/0001-29 | UF=GO | Aliquota=0,5000
2025-10-31 09:34:41,900 [INFO] [2025] CNPJ => 13.746.237 - AGNUS DEI PARAMENTOS E METAIS LTDA
2025-10-31 09:34:41,901 [INFO] Selecionando por digitação: 13.746.237 - AGNUS DEI PARAMENTOS E METAIS LTDA
2025-10-31 09:34:48,474 [INFO] Coletando opções via teclado (ARIA navigation)...
2025-10-31 09:34:52,355 [INFO] Total coletado (teclado): 1
2025-10-31 09:34:52,356 [INFO] [2025] Estabelecimentos detectados: 1
2025-10-31 09:34:52,356 [INFO] [2025] 13.746.237 - AGNUS DEI PARAMENTOS E METAIS LTDA -> Estabelecimento => 13.746.237/0001-68
2025-10-31 09:34:52,357 [INFO] Selecionando por digitação: 13.746.237/0001-68
2025-10-31 09:34:58,749 [INFO] Clicando em Consultar (tentativa 1/3)...
2025-10-31 09:34:59,109 [INFO] Clique em Consultar realizado; aguardando 5s...
2025-10-31 09:35:04,143 [INFO] Extraindo resultado...
2025-10-31 09:35:04,441 [INFO] OK: 13746237 | 13.746.237/0001-68 | UF=GO | Aliquota=0,5000
2025-10-31 09:35:04,531 [INFO] [2025] CNPJ => 04.561.277 - AGRICAMPO COMERCIO VAREJISTA DE PECAS AGRICOLAS LTDA
2025-10-31 09:35:04,532 [INFO] Selecionando por digitação: 04.561.277 - AGRICAMPO COMERCIO VAREJISTA DE PECAS AGRICOLAS LTDA
2025-10-31 09:35:12,592 [INFO] Coletando opções via teclado (ARIA navigation)...
2025-10-31 09:35:17,067 [INFO] Total coletado (teclado): 3
2025-10-31 09:35:17,068 [INFO] [2025] Estabelecimentos detectados: 3
2025-10-31 09:35:17,068 [INFO] [2025] 04.561.277 - AGRICAMPO COMERCIO VAREJISTA DE PECAS AGRICOLAS LTDA -> Estabelecimento => 04.561.277/0001-44
2025-10-31 09:35:17,068 [INFO] Selecionando por digitação: 04.561.277/0001-44
2025-10-31 09:35:23,578 [INFO] Clicando em Consultar (tentativa 1/3)...
2025-10-31 09:35:23,889 [INFO] Clique em Consultar realizado; aguardando 5s...
2025-10-31 09:35:28,920 [INFO] Extraindo resultado...
2025-10-31 09:35:29,192 [INFO] OK: 04561277 | 04.561.277/0001-44 | UF=DF | Aliquota=0,5000
2025-10-31 09:35:29,248 [INFO] [2025] 04.561.277 - AGRICAMPO COMERCIO VAREJISTA DE PECAS AGRICOLAS LTDA -> Estabelecimento => 04.561.277/0003-06
2025-10-31 09:35:29,248 [INFO] Selecionando por digitação: 04.561.277/0003-06
2025-10-31 09:35:36,308 [INFO] Clicando em Consultar (tentativa 1/3)...
2025-10-31 09:35:36,657 [INFO] Clique em Consultar realizado; aguardando 5s...
2025-10-31 09:35:41,687 [INFO] Extraindo resultado...
2025-10-31 09:35:42,045 [INFO] OK: 04561277 | 04.561.277/0003-06 | UF=GO | Aliquota=0,5000
2025-10-31 09:35:42,100 [INFO] [2025] 04.561.277 - AGRICAMPO COMERCIO VAREJISTA DE PECAS AGRICOLAS LTDA -> Estabelecimento => 04.561.277/0004-97
2025-10-31 09:35:42,100 [INFO] Selecionando por digitação: 04.561.277/0004-97
2025-10-31 09:35:48,550 [INFO] Clicando em Consultar (tentativa 1/3)...
2025-10-31 09:35:48,892 [INFO] Clique em Consultar realizado; aguardando 5s...
2025-10-31 09:35:53,921 [INFO] Extraindo resultado...
2025-10-31 09:35:54,218 [INFO] OK: 04561277 | 04.561.277/0004-97 | UF=GO | Aliquota=1,0000
2025-10-31 09:35:54,284 [INFO] [2025] CNPJ => 13.450.200 - AGROPECUARIA ALKMIM ARAUJO LTDA
2025-10-31 09:35:54,284 [INFO] Selecionando por digitação: 13.450.200 - AGROPECUARIA ALKMIM ARAUJO LTDA
2025-10-31 09:36:01,026 [INFO] Coletando opções via teclado (ARIA navigation)...
2025-10-31 09:36:07,743 [INFO] Total coletado (teclado): 9
2025-10-31 09:36:07,744 [INFO] [2025] Estabelecimentos detectados: 9
2025-10-31 09:36:07,744 [INFO] [2025] 13.450.200 - AGROPECUARIA ALKMIM ARAUJO LTDA -> Estabelecimento => 13.450.200/0001-98
2025-10-31 09:36:07,744 [INFO] Selecionando por digitação: 13.450.200/0001-98
2025-10-31 09:36:14,174 [INFO] Clicando em Consultar (tentativa 1/3)...
2025-10-31 09:36:14,575 [INFO] Clique em Consultar realizado; aguardando 5s...
2025-10-31 09:36:19,623 [INFO] Extraindo resultado...
2025-10-31 09:36:20,031 [INFO] OK: 13450200 | 13.450.200/0001-98 | UF=BA | Aliquota=0,5000
